<?xml version="1.0" encoding="UTF-8" ?>
<testsuite failures="0" time="0.252" errors="0" skipped="0" tests="30" name="com.epimorphics.jsonrdf.TestEncoder">
  <properties>
[...]
</properties>
  <testcase time="0.001" classname="com.epimorphics.jsonrdf.TestEncoder" name="testNullEncode"/>
  <testcase time="0.005" classname="com.epimorphics.jsonrdf.TestEncoder" name="testSimpleResourceNoLabels"/>
  <testcase time="0.002" classname="com.epimorphics.jsonrdf.TestEncoder" name="testSimpleResourceClash"/>
  <testcase time="0.005" classname="com.epimorphics.jsonrdf.TestEncoder" name="testRDFtype"/>
  <testcase time="0.011" classname="com.epimorphics.jsonrdf.TestEncoder" name="testSimplebNode"/>
  <testcase time="0.017" classname="com.epimorphics.jsonrdf.TestEncoder" name="testMultiRefbNode"/>
  <testcase time="0.004" classname="com.epimorphics.jsonrdf.TestEncoder" name="testSimpleLiterals"/>
  <testcase time="0.003" classname="com.epimorphics.jsonrdf.TestEncoder" name="testMultivalues"/>
  <testcase time="0.005" classname="com.epimorphics.jsonrdf.TestEncoder" name="testResourcesWithLabels"/>
  <testcase time="0.002" classname="com.epimorphics.jsonrdf.TestEncoder" name="testSimpleLists"/>
  <testcase time="0.003" classname="com.epimorphics.jsonrdf.TestEncoder" name="testNestedLists"/>
  <testcase time="0.012" classname="com.epimorphics.jsonrdf.TestEncoder" name="testOntologyNaming"/>
  <testcase time="0.022" classname="com.epimorphics.jsonrdf.TestEncoder" name="testForcedMultivalue"/>
  <testcase time="0.004" classname="com.epimorphics.jsonrdf.TestEncoder" name="testForcedMultivalue2"/>
  <testcase time="0.005" classname="com.epimorphics.jsonrdf.TestEncoder" name="testHide"/>
  <testcase time="0.005" classname="com.epimorphics.jsonrdf.TestEncoder" name="testPropertyBase"/>
  <testcase time="0.033" classname="com.epimorphics.jsonrdf.TestEncoder" name="testResourceBase"/>
  <testcase time="0.004" classname="com.epimorphics.jsonrdf.TestEncoder" name="testResourceList"/>
  <testcase time="0.004" classname="com.epimorphics.jsonrdf.TestEncoder" name="testPropertySorting"/>
  <testcase time="0.004" classname="com.epimorphics.jsonrdf.TestEncoder" name="testTypesDontShorten"/>
  <testcase time="0.047" classname="com.epimorphics.jsonrdf.TestEncoder" name="testLiterals"/>
  <testcase time="0.003" classname="com.epimorphics.jsonrdf.TestEncoder" name="testStructuredLiteralWithLanguage"/>
  <testcase time="0.006" classname="com.epimorphics.jsonrdf.TestEncoder" name="testStructuredLiteralWithType"/>
  <testcase time="0.004" classname="com.epimorphics.jsonrdf.TestEncoder" name="testDateLiteral"/>
  <testcase time="0.003" classname="com.epimorphics.jsonrdf.TestEncoder" name="testUnzonedDateLiteral"/>
  <testcase time="0.003" classname="com.epimorphics.jsonrdf.TestEncoder" name="testZonelessDateLiterals"/>
  <testcase time="0.009" classname="com.epimorphics.jsonrdf.TestEncoder" name="testWholeModels"/>
  <testcase time="0.001" classname="com.epimorphics.jsonrdf.TestEncoder" name="testOddResourceURIs"/>
  <testcase time="0.003" classname="com.epimorphics.jsonrdf.TestEncoder" name="testRecursiveEncoding1"/>
  <testcase time="0.004" classname="com.epimorphics.jsonrdf.TestEncoder" name="testRecursiveEncoding2"/>
</testsuite>