<?xml version="1.0" encoding="UTF-8" ?>
<testsuite failures="0" time="1.937" errors="0" skipped="0" tests="50" name="com.epimorphics.lda.acceptance.tests.TestFramework">
  <properties>
[...]
</properties>
  <testcase time="0.019" classname="com.epimorphics.lda.acceptance.tests.TestFramework" name="RUN[0]"/>
  <testcase time="0.023" classname="com.epimorphics.lda.acceptance.tests.TestFramework" name="RUN[1]"/>
  <testcase time="0.012" classname="com.epimorphics.lda.acceptance.tests.TestFramework" name="RUN[2]"/>
  <testcase time="0.007" classname="com.epimorphics.lda.acceptance.tests.TestFramework" name="RUN[3]"/>
  <testcase time="0.054" classname="com.epimorphics.lda.acceptance.tests.TestFramework" name="RUN[4]"/>
  <testcase time="0.031" classname="com.epimorphics.lda.acceptance.tests.TestFramework" name="RUN[5]"/>
  <testcase time="0.016" classname="com.epimorphics.lda.acceptance.tests.TestFramework" name="RUN[6]"/>
  <testcase time="0.02" classname="com.epimorphics.lda.acceptance.tests.TestFramework" name="RUN[7]"/>
  <testcase time="0.009" classname="com.epimorphics.lda.acceptance.tests.TestFramework" name="RUN[8]"/>
  <testcase time="0.017" classname="com.epimorphics.lda.acceptance.tests.TestFramework" name="RUN[9]"/>
  <testcase time="0.026" classname="com.epimorphics.lda.acceptance.tests.TestFramework" name="RUN[10]"/>
  <testcase time="0.012" classname="com.epimorphics.lda.acceptance.tests.TestFramework" name="RUN[11]"/>
  <testcase time="0.016" classname="com.epimorphics.lda.acceptance.tests.TestFramework" name="RUN[12]"/>
  <testcase time="0.013" classname="com.epimorphics.lda.acceptance.tests.TestFramework" name="RUN[13]"/>
  <testcase time="0.032" classname="com.epimorphics.lda.acceptance.tests.TestFramework" name="RUN[14]"/>
  <testcase time="0.025" classname="com.epimorphics.lda.acceptance.tests.TestFramework" name="RUN[15]"/>
  <testcase time="0.02" classname="com.epimorphics.lda.acceptance.tests.TestFramework" name="RUN[16]"/>
  <testcase time="0.012" classname="com.epimorphics.lda.acceptance.tests.TestFramework" name="RUN[17]"/>
  <testcase time="0.012" classname="com.epimorphics.lda.acceptance.tests.TestFramework" name="RUN[18]"/>
  <testcase time="0.08" classname="com.epimorphics.lda.acceptance.tests.TestFramework" name="RUN[19]"/>
  <testcase time="0.048" classname="com.epimorphics.lda.acceptance.tests.TestFramework" name="RUN[20]"/>
  <testcase time="0.015" classname="com.epimorphics.lda.acceptance.tests.TestFramework" name="RUN[21]"/>
  <testcase time="0.012" classname="com.epimorphics.lda.acceptance.tests.TestFramework" name="RUN[22]"/>
  <testcase time="0.012" classname="com.epimorphics.lda.acceptance.tests.TestFramework" name="RUN[23]"/>
  <testcase time="0.027" classname="com.epimorphics.lda.acceptance.tests.TestFramework" name="RUN[24]"/>
  <testcase time="0.014" classname="com.epimorphics.lda.acceptance.tests.TestFramework" name="RUN[25]"/>
  <testcase time="0.023" classname="com.epimorphics.lda.acceptance.tests.TestFramework" name="RUN[26]"/>
  <testcase time="0.018" classname="com.epimorphics.lda.acceptance.tests.TestFramework" name="RUN[27]"/>
  <testcase time="0.016" classname="com.epimorphics.lda.acceptance.tests.TestFramework" name="RUN[28]"/>
  <testcase time="0.011" classname="com.epimorphics.lda.acceptance.tests.TestFramework" name="RUN[29]"/>
  <testcase time="0.007" classname="com.epimorphics.lda.acceptance.tests.TestFramework" name="RUN[30]"/>
  <testcase time="0.01" classname="com.epimorphics.lda.acceptance.tests.TestFramework" name="RUN[31]"/>
  <testcase time="0.053" classname="com.epimorphics.lda.acceptance.tests.TestFramework" name="RUN[32]"/>
  <testcase time="0.03" classname="com.epimorphics.lda.acceptance.tests.TestFramework" name="RUN[33]"/>
  <testcase time="0.284" classname="com.epimorphics.lda.acceptance.tests.TestFramework" name="RUN[34]"/>
  <testcase time="0.02" classname="com.epimorphics.lda.acceptance.tests.TestFramework" name="RUN[35]"/>
  <testcase time="0.019" classname="com.epimorphics.lda.acceptance.tests.TestFramework" name="RUN[36]"/>
  <testcase time="0.007" classname="com.epimorphics.lda.acceptance.tests.TestFramework" name="RUN[37]"/>
  <testcase time="0.013" classname="com.epimorphics.lda.acceptance.tests.TestFramework" name="RUN[38]"/>
  <testcase time="0.04" classname="com.epimorphics.lda.acceptance.tests.TestFramework" name="RUN[39]"/>
  <testcase time="0.007" classname="com.epimorphics.lda.acceptance.tests.TestFramework" name="RUN[40]"/>
  <testcase time="0.036" classname="com.epimorphics.lda.acceptance.tests.TestFramework" name="RUN[41]"/>
  <testcase time="0.016" classname="com.epimorphics.lda.acceptance.tests.TestFramework" name="RUN[42]"/>
  <testcase time="0.243" classname="com.epimorphics.lda.acceptance.tests.TestFramework" name="RUN[43]"/>
  <testcase time="0.04" classname="com.epimorphics.lda.acceptance.tests.TestFramework" name="RUN[44]"/>
  <testcase time="0.014" classname="com.epimorphics.lda.acceptance.tests.TestFramework" name="RUN[45]"/>
  <testcase time="0.013" classname="com.epimorphics.lda.acceptance.tests.TestFramework" name="RUN[46]"/>
  <testcase time="0.021" classname="com.epimorphics.lda.acceptance.tests.TestFramework" name="RUN[47]"/>
  <testcase time="0.005" classname="com.epimorphics.lda.acceptance.tests.TestFramework" name="RUN[48]"/>
  <testcase time="0.006" classname="com.epimorphics.lda.acceptance.tests.TestFramework" name="RUN[49]"/>
</testsuite>